
App 975671 output: [ pid=975671, time=2022-07-03 09:38:53,027 ]: Not Found: /gstatic/img/logo1.png
App 975671 output: [ pid=975671, time=2022-07-03 09:38:53,161 ]: Not Found: /gstatic/img/logo.png
App 975671 output: [ pid=975671, time=2022-07-03 09:39:24,809 ]: Not Found: /gstatic/img/logo1.png
App 975671 output: [ pid=975671, time=2022-07-03 09:39:25,219 ]: Not Found: /favicon.ico
App 975671 output: [ pid=975671, time=2022-07-03 09:40:32,459 ]: Not Found: /favicon.ico
App 975671 output: [ pid=975671, time=2022-07-03 09:40:46,759 ]: Not Found: /uploads/files/alwin.joseph@christuniversity.in/Image.jpg
App 975671 output: [ pid=975671, time=2022-07-03 09:40:55,920 ]: Not Found: /uploads/files/alwin.joseph@christuniversity.in/Image.jpg
App 975671 output: [ pid=975671, time=2022-07-03 09:41:40,526 ]: Not Found: /uploads/files/alwin.joseph@christuniversity.in/Image.jpg
App 975671 output: [ pid=975671, time=2022-07-03 09:48:33,805 ]: Not Found: /uploads/files/aashiek.666cheriyan@gmail.com/81woDMsj8DL._SL1500_.jpg
App 975671 output: [ pid=975671, time=2022-07-03 09:48:46,928 ]: Not Found: /uploads/files/aashiek.666cheriyan@gmail.com/81woDMsj8DL._SL1500_.jpg
App 975671 output: [ pid=975671, time=2022-07-03 09:48:49,341 ]: Not Found: /uploads/files/aashiek.666cheriyan@gmail.com/81woDMsj8DL._SL1500_.jpg
App 975671 output: [ pid=975671, time=2022-07-03 09:49:15,671 ]: Not Found: /uploads/files/alwin.joseph@christuniversity.in/Image.jpg
App 975671 output: [ pid=975671, time=2022-07-03 09:53:27,339 ]: Not Found: /uploads/files/aashiek.666cheriyan@gmail.com/81woDMsj8DL._SL1500_.jpg
App 975671 output: [ pid=975671, time=2022-07-03 09:53:28,661 ]: Not Found: /uploads/files/aashiek.666cheriyan@gmail.com/81woDMsj8DL._SL1500_.jpg
App 975671 output: [ pid=975671, time=2022-07-03 09:54:51,638 ]: Not Found: /uploads/files/alwin.joseph@christuniversity.in/Image.jpg
App 975671 output: [ pid=975671, time=2022-07-03 09:54:52,108 ]: Not Found: /uploads/files/alwin.joseph@christuniversity.in/Image.jpg
App 975671 output: [ pid=975671, time=2022-07-03 09:54:59,315 ]: Not Found: /uploads/files/alwin.joseph@christuniversity.in/Image.jpg
App 975671 output: [ pid=975671, time=2022-07-03 09:56:48,687 ]: Not Found: /uploads/files/alwin.joseph@christuniversity.in/Image.jpg
App 975671 output: [ pid=975671, time=2022-07-03 11:17:26,444 ]: Not Found: /uploads/files/alwin.joseph@christuniversity.in/Image.jpg
App 975671 output: [ pid=975671, time=2022-07-03 11:18:01,436 ]: Not Found: /uploads/files/alwin.joseph@christuniversity.in/Image.jpg
App 1015745 output: /opt/cpanel/ea-ruby24/root/usr/share/passenger/helper-scripts/wsgi-loader.py:26: DeprecationWarning: the imp module is deprecated in favour of importlib; see the module's documentation for alternative uses
App 1015745 output:   import sys, os, re, imp, threading, signal, traceback, socket, select, struct, logging, errno
App 1015745 output: [ pid=1015745, time=2022-07-03 11:43:14,838 ]: Not Found: /uploads/files/alwin.joseph@christuniversity.in/Image.jpg
App 1015745 output: [ pid=1015745, time=2022-07-03 11:50:13,573 ]: Not Found: /uploads/files/alwin.joseph@christuniversity.in/Image.jpg
App 1015745 output: [ pid=1015745, time=2022-07-03 11:50:15,771 ]: Not Found: /uploads/files/alwin.joseph@christuniversity.in/Image.jpg
App 1043449 output: /opt/cpanel/ea-ruby24/root/usr/share/passenger/helper-scripts/wsgi-loader.py:26: DeprecationWarning: the imp module is deprecated in favour of importlib; see the module's documentation for alternative uses
App 1043449 output:   import sys, os, re, imp, threading, signal, traceback, socket, select, struct, logging, errno
App 1043449 output: [ pid=1043449, time=2022-07-03 12:54:13,539 ]: Not Found: /uploads/files/alwin.joseph@christuniversity.in/Image.jpg
App 1055762 output: /opt/cpanel/ea-ruby24/root/usr/share/passenger/helper-scripts/wsgi-loader.py:26: DeprecationWarning: the imp module is deprecated in favour of importlib; see the module's documentation for alternative uses
App 1055762 output:   import sys, os, re, imp, threading, signal, traceback, socket, select, struct, logging, errno
App 1055762 output: [ pid=1055762, time=2022-07-03 13:15:30,019 ]: Not Found: /uploads/files/alwin.joseph@christuniversity.in/Image.jpg
App 1055762 output: [ pid=1055762, time=2022-07-03 15:05:29,362 ]: Not Found: /uploads/files/alwin.joseph@christuniversity.in/Image.jpg
App 1055762 output: [ pid=1055762, time=2022-07-03 15:05:32,859 ]: Not Found: /uploads/files/alwin.joseph@christuniversity.in/Image.jpg
App 1055762 output: [ pid=1055762, time=2022-07-03 15:05:33,878 ]: Not Found: /uploads/files/alwin.joseph@christuniversity.in/Image.jpg
